<?xml version="1.0" encoding="UTF-8"?>
<!-- Generated by org.testng.reporters.JUnitReportReporter -->
<testsuite hostname="DESKTOP-LCD87K6" failures="0" tests="1" name="com.inetBanking.TestCases.TC_LoginTest_001" time="6.876" errors="0" timestamp="2023-09-12T11:36:17 CEST" skipped="0">
  <testcase classname="com.inetBanking.TestCases.TC_LoginTest_001" name="loginTest" time="6.876"/>
</testsuite> <!-- com.inetBanking.TestCases.TC_LoginTest_001 -->
